2025-02-10 Refactor metro logic 1
2025-02-11 Update route info 1
2025-02-11 Refactor metro logic 2
2025-02-12 Minor UI change 1
2025-02-13 Update README 1
2025-02-13 Update README 2
2025-02-14 Minor UI change 1
2025-02-14 Add station data 2
2025-02-14 Fix typo in docs 3
2025-02-17 Minor UI change 1
2025-02-17 Minor UI change 2
2025-02-18 Fix bug 1
2025-02-19 Minor UI change 1
2025-02-19 Fix typo in docs 2
2025-02-19 Update README 3
2025-02-20 Add station data 1
2025-02-21 Optimize fare logic 1
2025-02-22 Fix bug 1
2025-02-22 Refactor metro logic 2
2025-02-24 Fix typo in docs 1
2025-02-24 Optimize fare logic 2
2025-02-25 Minor UI change 1
